<?xml version="1.0" encoding="UTF-8"?>
<!-- Generated by org.testng.reporters.JUnitReportReporter -->
<testsuite hostname="Ritesh" failures="0" tests="3" name="automation.tests.SubmitOrderTest" time="37.418" errors="0" timestamp="2024-02-22T00:22:48 IST" skipped="0">
  <testcase classname="automation.tests.SubmitOrderTest" name="orderHistory" time="2.548"/>
  <testcase classname="automation.tests.SubmitOrderTest" name="submitOrder" time="18.647"/>
  <testcase classname="automation.tests.SubmitOrderTest" name="submitOrder" time="16.223"/>
</testsuite> <!-- automation.tests.SubmitOrderTest -->
