<?xml version="1.0" encoding="UTF-8"?>
<!-- Generated by org.testng.reporters.JUnitReportReporter -->
<testsuite hostname="Ritesh" failures="0" tests="2" name="automation.tests.ErrorValidationTest" time="17.242" errors="0" timestamp="2024-01-07T18:40:12 IST" skipped="0">
  <testcase classname="automation.tests.ErrorValidationTest" name="loginErrorValidation" time="2.267"/>
  <testcase classname="automation.tests.ErrorValidationTest" name="productErrorValidation" time="14.975"/>
</testsuite> <!-- automation.tests.ErrorValidationTest -->
