<?xml version="1.0" encoding="UTF-8"?>
<!-- Generated by org.testng.reporters.JUnitReportReporter -->
<testsuite hostname="Ritesh" failures="0" tests="1" name="cucumber.TestNGTestRunner" time="18.583" errors="0" timestamp="2024-01-18T00:33:42 IST" skipped="0">
  <testcase classname="cucumber.TestNGTestRunner" name="runScenario" time="18.583"/>
</testsuite> <!-- cucumber.TestNGTestRunner -->
