<?xml version="1.0" encoding="UTF-8"?>
<!-- Generated by org.testng.reporters.JUnitReportReporter -->
<testsuite hostname="Ritesh" failures="0" tests="2" name="automation.tests.ErrorValidationTest" time="17.947" errors="0" timestamp="2024-02-22T00:22:48 IST" skipped="0">
  <testcase classname="automation.tests.ErrorValidationTest" name="productErrorValidation" time="15.310"/>
  <testcase classname="automation.tests.ErrorValidationTest" name="loginErrorValidation" time="2.637"/>
</testsuite> <!-- automation.tests.ErrorValidationTest -->
