<?xml version="1.0" encoding="UTF-8"?>
<!-- Generated by org.testng.reporters.JUnitReportReporter -->
<testsuite hostname="Ritesh" failures="0" tests="4" name="automation.tests.SubmitOrderTest" time="37.376" errors="0" timestamp="2024-01-07T18:40:12 IST" skipped="1">
  <testcase classname="automation.tests.SubmitOrderTest" name="orderHistory" time="2.689"/>
  <testcase classname="automation.tests.SubmitOrderTest" name="submitOrder" time="3.379">
    <skipped/>
  </testcase> <!-- submitOrder -->
  <testcase classname="automation.tests.SubmitOrderTest" name="submitOrder" time="15.547"/>
  <testcase classname="automation.tests.SubmitOrderTest" name="submitOrder" time="15.761"/>
</testsuite> <!-- automation.tests.SubmitOrderTest -->
