<?xml version="1.0" encoding="UTF-8"?>
<!-- Generated by org.testng.reporters.JUnitReportReporter -->
<testsuite hostname="Ritesh" failures="0" tests="2" name="automation.tests.ErrorValidationTest" time="16.753" errors="0" timestamp="2024-01-15T14:06:11 IST" skipped="0">
  <testcase classname="automation.tests.ErrorValidationTest" name="loginErrorValidation" time="1.869"/>
  <testcase classname="automation.tests.ErrorValidationTest" name="productErrorValidation" time="14.884"/>
</testsuite> <!-- automation.tests.ErrorValidationTest -->
