<?xml version="1.0" encoding="UTF-8"?>
<!-- Generated by org.testng.reporters.JUnitReportReporter -->
<testsuite hostname="Ritesh" failures="0" tests="1" name="cucumber.TestNGTestRunner" time="17.660" errors="0" timestamp="2024-01-15T14:13:09 IST" skipped="0">
  <testcase classname="cucumber.TestNGTestRunner" name="runScenario" time="17.660"/>
</testsuite> <!-- cucumber.TestNGTestRunner -->
