<?xml version="1.0" encoding="UTF-8"?>
<!-- Generated by org.testng.reporters.JUnitReportReporter -->
<testsuite hostname="Ritesh" failures="0" tests="3" name="automation.tests.SubmitOrderTest" time="34.817" errors="0" timestamp="2024-01-15T14:06:11 IST" skipped="0">
  <testcase classname="automation.tests.SubmitOrderTest" name="submitOrder" time="16.043"/>
  <testcase classname="automation.tests.SubmitOrderTest" name="submitOrder" time="16.637"/>
  <testcase classname="automation.tests.SubmitOrderTest" name="orderHistory" time="2.137"/>
</testsuite> <!-- automation.tests.SubmitOrderTest -->
